0 info it worked if it ends with ok
1 verbose cli [ '/usr/local/bin/node',
1 verbose cli   '/usr/local/lib/node_modules/npm/bin/npm-cli.js',
1 verbose cli   'install',
1 verbose cli   '--scripts-prepend-node-path=auto' ]
2 info using npm@3.8.9
3 info using node@v6.2.0
4 silly loadCurrentTree Starting
5 silly install loadCurrentTree
6 silly install readLocalPackageData
7 silly install normalizeTree
8 silly loadCurrentTree Finishing
9 silly loadIdealTree Starting
10 silly install loadIdealTree
11 silly cloneCurrentTree Starting
12 silly install cloneCurrentTreeToIdealTree
13 silly cloneCurrentTree Finishing
14 silly loadShrinkwrap Starting
15 silly install loadShrinkwrap
16 silly loadShrinkwrap Finishing
17 silly loadAllDepsIntoIdealTree Starting
18 silly install loadAllDepsIntoIdealTree
19 silly fetchNamedPackageData font-awesome
20 silly mapToRegistry name font-awesome
21 silly mapToRegistry using default registry
22 silly mapToRegistry registry https://registry.npmjs.org/
23 silly mapToRegistry data Result {
23 silly mapToRegistry   raw: 'font-awesome',
23 silly mapToRegistry   scope: null,
23 silly mapToRegistry   name: 'font-awesome',
23 silly mapToRegistry   rawSpec: '',
23 silly mapToRegistry   spec: 'latest',
23 silly mapToRegistry   type: 'tag' }
24 silly mapToRegistry uri https://registry.npmjs.org/font-awesome
25 verbose request uri https://registry.npmjs.org/font-awesome
26 verbose request no auth needed
27 info attempt registry request try #1 at 7:41:35 AM
28 verbose request id 33aa7b38f21f6213
29 verbose etag W/"6f4824fe5d7d210f9bfc6752f2128591"
30 verbose lastModified Sun, 27 May 2018 01:03:18 GMT
31 http request GET https://registry.npmjs.org/font-awesome
32 http 304 https://registry.npmjs.org/font-awesome
33 verbose headers { date: 'Tue, 10 Sep 2019 10:41:35 GMT',
33 verbose headers   connection: 'keep-alive',
33 verbose headers   'set-cookie': [ '__cfduid=d58603af020a100fb2c35981a17ff54351568112095; expires=Wed, 09-Sep-20 10:41:35 GMT; path=/; domain=.npmjs.org; HttpOnly' ],
33 verbose headers   'cf-cache-status': 'HIT',
33 verbose headers   'cache-control': 'max-age=300',
33 verbose headers   'cf-ray': '5140ca549e73cff8-GRU',
33 verbose headers   age: '385',
33 verbose headers   etag: '"6f4824fe5d7d210f9bfc6752f2128591"',
33 verbose headers   'expect-ct': 'max-age=604800, report-uri="https://report-uri.cloudflare.com/cdn-cgi/beacon/expect-ct"',
33 verbose headers   'last-modified': 'Sun, 27 May 2018 01:03:18 GMT',
33 verbose headers   vary: 'accept-encoding, accept',
33 verbose headers   server: 'cloudflare' }
34 silly get cb [ 304,
34 silly get   { date: 'Tue, 10 Sep 2019 10:41:35 GMT',
34 silly get     connection: 'keep-alive',
34 silly get     'set-cookie': [ '__cfduid=d58603af020a100fb2c35981a17ff54351568112095; expires=Wed, 09-Sep-20 10:41:35 GMT; path=/; domain=.npmjs.org; HttpOnly' ],
34 silly get     'cf-cache-status': 'HIT',
34 silly get     'cache-control': 'max-age=300',
34 silly get     'cf-ray': '5140ca549e73cff8-GRU',
34 silly get     age: '385',
34 silly get     etag: '"6f4824fe5d7d210f9bfc6752f2128591"',
34 silly get     'expect-ct': 'max-age=604800, report-uri="https://report-uri.cloudflare.com/cdn-cgi/beacon/expect-ct"',
34 silly get     'last-modified': 'Sun, 27 May 2018 01:03:18 GMT',
34 silly get     vary: 'accept-encoding, accept',
34 silly get     server: 'cloudflare' } ]
35 verbose etag https://registry.npmjs.org/font-awesome from cache
36 verbose get saving font-awesome to /home/guiga/.npm/registry.npmjs.org/font-awesome/.cache.json
37 verbose correctMkdir /home/guiga/.npm correctMkdir not in flight; initializing
38 silly fetchPackageMetaData Error: No compatible version found: font-awesome@5.0.7
38 silly fetchPackageMetaData Valid install targets:
38 silly fetchPackageMetaData 4.7.0, 4.6.3, 4.6.1, 4.5.0, 4.4.0, 4.3.0, 4.2.0, 4.1.0, 4.0.3, 3.2.1
38 silly fetchPackageMetaData
38 silly fetchPackageMetaData     at pickVersionFromRegistryDocument (/usr/local/lib/node_modules/npm/lib/fetch-package-metadata.js:157:16)
38 silly fetchPackageMetaData     at /usr/local/lib/node_modules/npm/node_modules/iferr/index.js:13:50
38 silly fetchPackageMetaData     at /usr/local/lib/node_modules/npm/lib/utils/pulse-till-done.js:19:8
38 silly fetchPackageMetaData     at saved (/usr/local/lib/node_modules/npm/lib/cache/caching-client.js:168:7)
38 silly fetchPackageMetaData     at /usr/local/lib/node_modules/npm/node_modules/graceful-fs/polyfills.js:210:7
38 silly fetchPackageMetaData     at FSReqWrap.oncomplete (fs.js:117:15)
38 silly fetchPackageMetaData  error for font-awesome@5.0.7 Error: No compatible version found: font-awesome@5.0.7
38 silly fetchPackageMetaData Valid install targets:
38 silly fetchPackageMetaData 4.7.0, 4.6.3, 4.6.1, 4.5.0, 4.4.0, 4.3.0, 4.2.0, 4.1.0, 4.0.3, 3.2.1
38 silly fetchPackageMetaData
38 silly fetchPackageMetaData     at pickVersionFromRegistryDocument (/usr/local/lib/node_modules/npm/lib/fetch-package-metadata.js:157:16)
38 silly fetchPackageMetaData     at /usr/local/lib/node_modules/npm/node_modules/iferr/index.js:13:50
38 silly fetchPackageMetaData     at /usr/local/lib/node_modules/npm/lib/utils/pulse-till-done.js:19:8
38 silly fetchPackageMetaData     at saved (/usr/local/lib/node_modules/npm/lib/cache/caching-client.js:168:7)
38 silly fetchPackageMetaData     at /usr/local/lib/node_modules/npm/node_modules/graceful-fs/polyfills.js:210:7
38 silly fetchPackageMetaData     at FSReqWrap.oncomplete (fs.js:117:15)
39 silly rollbackFailedOptional Starting
40 silly rollbackFailedOptional Finishing
41 silly runTopLevelLifecycles Starting
42 silly runTopLevelLifecycles Finishing
43 silly install printInstalled
44 verbose stack Error: No compatible version found: font-awesome@5.0.7
44 verbose stack Valid install targets:
44 verbose stack 4.7.0, 4.6.3, 4.6.1, 4.5.0, 4.4.0, 4.3.0, 4.2.0, 4.1.0, 4.0.3, 3.2.1
44 verbose stack
44 verbose stack     at pickVersionFromRegistryDocument (/usr/local/lib/node_modules/npm/lib/fetch-package-metadata.js:157:16)
44 verbose stack     at /usr/local/lib/node_modules/npm/node_modules/iferr/index.js:13:50
44 verbose stack     at /usr/local/lib/node_modules/npm/lib/utils/pulse-till-done.js:19:8
44 verbose stack     at saved (/usr/local/lib/node_modules/npm/lib/cache/caching-client.js:168:7)
44 verbose stack     at /usr/local/lib/node_modules/npm/node_modules/graceful-fs/polyfills.js:210:7
44 verbose stack     at FSReqWrap.oncomplete (fs.js:117:15)
45 verbose cwd /home/guiga/Git/tcc-frontend
46 error Linux 4.13.0-46-generic
47 error argv "/usr/local/bin/node" "/usr/local/lib/node_modules/npm/bin/npm-cli.js" "install" "--scripts-prepend-node-path=auto"
48 error node v6.2.0
49 error npm  v3.8.9
50 error No compatible version found: font-awesome@5.0.7
50 error Valid install targets:
50 error 4.7.0, 4.6.3, 4.6.1, 4.5.0, 4.4.0, 4.3.0, 4.2.0, 4.1.0, 4.0.3, 3.2.1
51 error If you need help, you may report this error at:
51 error     <https://github.com/npm/npm/issues>
52 verbose exit [ 1, true ]
